<?xml version="1.0" encoding="UTF-8"?>
<!-- Generated by org.testng.reporters.JUnitXMLReporter -->
<testsuite hostname="DESKTOP-A5NVFT3" failures="0" tests="7" name="Test" time="25.585" errors="0" timestamp="16 Mar 2022 10:38:38 GMT">
  <testcase classname="RestTesting.Ecommerce" name="signup" time="8.805"/>
  <testcase classname="RestTesting.Trello" name="createBoard" time="2.709"/>
  <testcase classname="RestTesting.Ecommerce" name="login" time="4.878"/>
  <testcase classname="RestTesting.Trello" name="getBoard" time="0.995"/>
  <testcase classname="RestTesting.Ecommerce" name="getusers" time="3.435"/>
  <testcase classname="RestTesting.Trello" name="deleteBoard" time="2.761"/>
  <testcase classname="RestTesting.Ecommerce" name="deleteuser" time="1.958"/>
</testsuite> <!-- Test -->
