<?xml version="1.0" encoding="UTF-8"?>
<testng-results total="1" passed="1" failed="0" skipped="0">
  <reporter-output>
  </reporter-output>
  <suite started-at="2022-03-16T06:25:35Z" name="Default suite" finished-at="2022-03-16T06:25:35Z" duration-ms="27">
    <groups>
    </groups>
    <test started-at="2022-03-16T06:25:35Z" name="Default test" finished-at="2022-03-16T06:25:35Z" duration-ms="27">
      <class name="RestTesting.diffTNG">
        <test-method is-config="true" signature="BT()[pri:0, instance:RestTesting.diffTNG@14f9390f]" started-at="2022-03-16T11:55:35Z" name="BT" finished-at="2022-03-16T11:55:35Z" duration-ms="9" status="PASS">
          <reporter-output>
          </reporter-output>
        </test-method> <!-- BT -->
        <test-method signature="testcase1()[pri:0, instance:RestTesting.diffTNG@14f9390f]" started-at="2022-03-16T11:55:35Z" name="testcase1" finished-at="2022-03-16T11:55:35Z" duration-ms="5" status="PASS">
          <reporter-output>
          </reporter-output>
        </test-method> <!-- testcase1 -->
        <test-method is-config="true" signature="AT()[pri:0, instance:RestTesting.diffTNG@14f9390f]" started-at="2022-03-16T11:55:35Z" name="AT" finished-at="2022-03-16T11:55:35Z" duration-ms="0" status="PASS">
          <reporter-output>
          </reporter-output>
        </test-method> <!-- AT -->
      </class> <!-- RestTesting.diffTNG -->
    </test> <!-- Default test -->
  </suite> <!-- Default suite -->
</testng-results>
